c:\users\wikto\desktop\rz\x64\release\vc143.pdb
c:\users\wikto\desktop\rz\x64\release\xorbzr.obj
c:\users\wikto\desktop\rz\x64\release\program.obj
c:\users\wikto\desktop\rz\x64\release\menu.obj
c:\users\wikto\desktop\rz\x64\release\imgui_animated.obj
c:\users\wikto\desktop\rz\x64\release\imgui_widgets.obj
c:\users\wikto\desktop\rz\x64\release\imgui_tables.obj
c:\users\wikto\desktop\rz\x64\release\imgui_impl_win32.obj
c:\users\wikto\desktop\rz\x64\release\imgui_impl_dx11.obj
c:\users\wikto\desktop\rz\x64\release\imgui_draw.obj
c:\users\wikto\desktop\rz\x64\release\imgui_demo.obj
c:\users\wikto\desktop\rz\x64\release\imgui.obj
c:\users\wikto\desktop\rz\x64\release\dllmain.obj
c:\users\wikto\desktop\rz\x64\release\d3d_hook.obj
c:\users\wikto\desktop\rz\x64\release\core.obj
c:\users\wikto\desktop\rz\x64\release\trampoline.obj
c:\users\wikto\desktop\rz\x64\release\hook.obj
c:\users\wikto\desktop\rz\x64\release\hde64.obj
c:\users\wikto\desktop\rz\x64\release\hde32.obj
c:\users\wikto\desktop\rz\x64\release\buffer.obj
c:\users\wikto\desktop\rz\x64\d3d10.dll
c:\users\wikto\desktop\rz\x64\release\d3d10.ipdb
c:\users\wikto\desktop\rz\x64\d3d10.pdb
c:\users\wikto\desktop\rz\x64\release\d3d10.iobj
c:\users\wikto\desktop\rz\x64\release\fivem.tlog\cl.command.1.tlog
c:\users\wikto\desktop\rz\x64\release\fivem.tlog\cl.items.tlog
c:\users\wikto\desktop\rz\x64\release\fivem.tlog\cl.read.1.tlog
c:\users\wikto\desktop\rz\x64\release\fivem.tlog\cl.write.1.tlog
c:\users\wikto\desktop\rz\x64\release\fivem.tlog\link.command.1.tlog
c:\users\wikto\desktop\rz\x64\release\fivem.tlog\link.read.1.tlog
c:\users\wikto\desktop\rz\x64\release\fivem.tlog\link.write.1.tlog
